android-studio-app/app/build/intermediates/manifest_merge_blame_file/debug/processDebugMainManifest/manifest-merger-blame-debug-report.txt
1<?xml version="1.0" encoding="utf-8"?>
2<manifest xmlns:android="http://schemas.android.com/apk/res/android"
3    package="com.aisportspt.app"
4    android:versionCode="1"
5    android:versionName="1.0" >
6
7    <uses-sdk
8        android:minSdkVersion="24"
9        android:targetSdkVersion="34" />
10
11    <uses-permission android:name="android.permission.INTERNET" />
11-->src/main/AndroidManifest.xml:5:5-67
11-->src/main/AndroidManifest.xml:5:22-64
12    <uses-permission android:name="android.permission.CAMERA" />
12-->src/main/AndroidManifest.xml:6:5-65
12-->src/main/AndroidManifest.xml:6:22-62
13
14    <queries>
14-->[androidx.camera:camera-extensions:1.3.1] AndroidManifest.xml:22:5-26:15
15        <intent>
15-->[androidx.camera:camera-extensions:1.3.1] AndroidManifest.xml:23:9-25:18
16            <action android:name="androidx.camera.extensions.action.VENDOR_ACTION" />
16-->[androidx.camera:camera-extensions:1.3.1] AndroidManifest.xml:24:13-86
16-->[androidx.camera:camera-extensions:1.3.1] AndroidManifest.xml:24:21-83
17        </intent>
18    </queries> <!-- For remote config -->
19    <uses-permission android:name="android.permission.ACCESS_NETWORK_STATE" />
19-->[com.google.mlkit:pose-detection-common:18.0.0-beta3] AndroidManifest.xml:7:5-79
19-->[com.google.mlkit:pose-detection-common:18.0.0-beta3] AndroidManifest.xml:7:22-76
20    <uses-permission android:name="android.permission.WAKE_LOCK" />
20-->[androidx.work:work-runtime:2.7.0] AndroidManifest.xml:25:5-68
20-->[androidx.work:work-runtime:2.7.0] AndroidManifest.xml:25:22-65
21    <uses-permission android:name="android.permission.RECEIVE_BOOT_COMPLETED" />
21-->[androidx.work:work-runtime:2.7.0] AndroidManifest.xml:27:5-81
21-->[androidx.work:work-runtime:2.7.0] AndroidManifest.xml:27:22-78
22    <uses-permission android:name="android.permission.FOREGROUND_SERVICE" />
22-->[androidx.work:work-runtime:2.7.0] AndroidManifest.xml:28:5-77
22-->[androidx.work:work-runtime:2.7.0] AndroidManifest.xml:28:22-74
23
24    <permission
24-->[androidx.core:core:1.13.0] AndroidManifest.xml:22:5-24:47
25        android:name="com.aisportspt.app.DYNAMIC_RECEIVER_NOT_EXPORTED_PERMISSION"
25-->[androidx.core:core:1.13.0] AndroidManifest.xml:23:9-81
26        android:protectionLevel="signature" />
26-->[androidx.core:core:1.13.0] AndroidManifest.xml:24:9-44
27
28    <uses-permission android:name="com.aisportspt.app.DYNAMIC_RECEIVER_NOT_EXPORTED_PERMISSION" />
28-->[androidx.core:core:1.13.0] AndroidManifest.xml:26:5-97
28-->[androidx.core:core:1.13.0] AndroidManifest.xml:26:22-94
29
30    <application
30-->src/main/AndroidManifest.xml:8:5-33:19
31        android:allowBackup="true"
31-->src/main/AndroidManifest.xml:9:9-35
32        android:appComponentFactory="androidx.core.app.CoreComponentFactory"
32-->[androidx.core:core:1.13.0] AndroidManifest.xml:28:18-86
33        android:dataExtractionRules="@xml/data_extraction_rules"
33-->src/main/AndroidManifest.xml:10:9-65
34        android:debuggable="true"
35        android:extractNativeLibs="false"
36        android:fullBackupContent="@xml/backup_rules"
36-->src/main/AndroidManifest.xml:11:9-54
37        android:icon="@mipmap/ic_logo"
37-->src/main/AndroidManifest.xml:12:9-39
38        android:label="@string/app_name"
38-->src/main/AndroidManifest.xml:13:9-41
39        android:roundIcon="@mipmap/ic_logo_round"
39-->src/main/AndroidManifest.xml:14:9-50
40        android:supportsRtl="true"
40-->src/main/AndroidManifest.xml:15:9-35
41        android:testOnly="true"
42        android:theme="@style/Theme.AISportsPT" >
42-->src/main/AndroidManifest.xml:16:9-48
43
44        <!-- 로그인 액티비티를 앱 시작점으로 -->
45        <activity
45-->src/main/AndroidManifest.xml:20:9-28:20
46            android:name="com.aisportspt.app.LoginActivity"
46-->src/main/AndroidManifest.xml:21:13-42
47            android:exported="true"
47-->src/main/AndroidManifest.xml:22:13-36
48            android:theme="@style/Theme.AISportsPT" >
48-->src/main/AndroidManifest.xml:23:13-52
49            <intent-filter>
49-->src/main/AndroidManifest.xml:24:13-27:29
50                <action android:name="android.intent.action.MAIN" />
50-->src/main/AndroidManifest.xml:25:17-69
50-->src/main/AndroidManifest.xml:25:25-66
51
52                <category android:name="android.intent.category.LAUNCHER" />
52-->src/main/AndroidManifest.xml:26:17-77
52-->src/main/AndroidManifest.xml:26:27-74
53            </intent-filter>
54        </activity>
55
56        <!-- 메인 액티비티 (로그인 성공 후 이동) -->
57        <activity android:name="com.aisportspt.app.MainActivity" />
57-->src/main/AndroidManifest.xml:31:9-50
57-->src/main/AndroidManifest.xml:31:19-47
58
59        <uses-library
59-->[androidx.camera:camera-extensions:1.3.1] AndroidManifest.xml:29:9-31:40
60            android:name="androidx.camera.extensions.impl"
60-->[androidx.camera:camera-extensions:1.3.1] AndroidManifest.xml:30:13-59
61            android:required="false" />
61-->[androidx.camera:camera-extensions:1.3.1] AndroidManifest.xml:31:13-37
62
63        <service
63-->[androidx.camera:camera-camera2:1.3.1] AndroidManifest.xml:24:9-33:19
64            android:name="androidx.camera.core.impl.MetadataHolderService"
64-->[androidx.camera:camera-camera2:1.3.1] AndroidManifest.xml:25:13-75
65            android:enabled="false"
65-->[androidx.camera:camera-camera2:1.3.1] AndroidManifest.xml:26:13-36
66            android:exported="false" >
66-->[androidx.camera:camera-camera2:1.3.1] AndroidManifest.xml:27:13-37
67            <meta-data
67-->[androidx.camera:camera-camera2:1.3.1] AndroidManifest.xml:30:13-32:89
68                android:name="androidx.camera.core.impl.MetadataHolderService.DEFAULT_CONFIG_PROVIDER"
68-->[androidx.camera:camera-camera2:1.3.1] AndroidManifest.xml:31:17-103
69                android:value="androidx.camera.camera2.Camera2Config$DefaultProvider" />
69-->[androidx.camera:camera-camera2:1.3.1] AndroidManifest.xml:32:17-86
70        </service>
71        <!--
72             Required for ML Kit Pose Detection GPU acceleration. Applications that target Android
73             S+ require explicit declaration of any referenced vendor-provided libraries.
74        -->
75        <uses-native-library
75-->[com.google.mlkit:pose-detection-common:18.0.0-beta3] AndroidManifest.xml:16:9-18:40
76            android:name="libOpenCL.so"
76-->[com.google.mlkit:pose-detection-common:18.0.0-beta3] AndroidManifest.xml:17:13-40
77            android:required="false" />
77-->[com.google.mlkit:pose-detection-common:18.0.0-beta3] AndroidManifest.xml:18:13-37
78        <uses-native-library
78-->[com.google.mlkit:pose-detection-common:18.0.0-beta3] AndroidManifest.xml:16:9-18:40
79            android:name="libOpenCL-car.so"
79-->[com.google.mlkit:pose-detection-common:18.0.0-beta3] AndroidManifest.xml:17:13-40
80            android:required="false" />
80-->[com.google.mlkit:pose-detection-common:18.0.0-beta3] AndroidManifest.xml:18:13-37
81        <uses-native-library
81-->[com.google.mlkit:pose-detection-common:18.0.0-beta3] AndroidManifest.xml:16:9-18:40
82            android:name="libOpenCL-pixel.so"
82-->[com.google.mlkit:pose-detection-common:18.0.0-beta3] AndroidManifest.xml:17:13-40
83            android:required="false" />
83-->[com.google.mlkit:pose-detection-common:18.0.0-beta3] AndroidManifest.xml:18:13-37
84
85        <service
85-->[com.google.mlkit:pose-detection-common:18.0.0-beta3] AndroidManifest.xml:26:9-32:19
86            android:name="com.google.mlkit.common.internal.MlKitComponentDiscoveryService"
86-->[com.google.mlkit:pose-detection-common:18.0.0-beta3] AndroidManifest.xml:27:13-91
87            android:directBootAware="true"
87-->[com.google.mlkit:common:18.5.0] AndroidManifest.xml:17:13-43
88            android:exported="false" >
88-->[com.google.mlkit:pose-detection-common:18.0.0-beta3] AndroidManifest.xml:28:13-37
89            <meta-data
89-->[com.google.mlkit:pose-detection-common:18.0.0-beta3] AndroidManifest.xml:29:13-31:85
90                android:name="com.google.firebase.components:com.google.mlkit.vision.pose.internal.PoseRegistrar"
90-->[com.google.mlkit:pose-detection-common:18.0.0-beta3] AndroidManifest.xml:30:17-114
91                android:value="com.google.firebase.components.ComponentRegistrar" />
91-->[com.google.mlkit:pose-detection-common:18.0.0-beta3] AndroidManifest.xml:31:17-82
92            <meta-data
92-->[com.google.mlkit:vision-common:17.2.1] AndroidManifest.xml:12:13-14:85
93                android:name="com.google.firebase.components:com.google.mlkit.vision.common.internal.VisionCommonRegistrar"
93-->[com.google.mlkit:vision-common:17.2.1] AndroidManifest.xml:13:17-124
94                android:value="com.google.firebase.components.ComponentRegistrar" />
94-->[com.google.mlkit:vision-common:17.2.1] AndroidManifest.xml:14:17-82
95            <meta-data
95-->[com.google.mlkit:common:18.5.0] AndroidManifest.xml:20:13-22:85
96                android:name="com.google.firebase.components:com.google.mlkit.common.internal.CommonComponentRegistrar"
96-->[com.google.mlkit:common:18.5.0] AndroidManifest.xml:21:17-120
97                android:value="com.google.firebase.components.ComponentRegistrar" />
97-->[com.google.mlkit:common:18.5.0] AndroidManifest.xml:22:17-82
98        </service>
99        <service
99-->[com.google.mlkit:acceleration:16.0.0-beta1] AndroidManifest.xml:8:9-11:68
100            android:name="com.google.mlkit.acceleration.internal.MlKitRemoteWorkerService"
100-->[com.google.mlkit:acceleration:16.0.0-beta1] AndroidManifest.xml:9:13-91
101            android:exported="false"
101-->[com.google.mlkit:acceleration:16.0.0-beta1] AndroidManifest.xml:10:13-37
102            android:process=":mlkit_acceleration_mini_benchmark" />
102-->[com.google.mlkit:acceleration:16.0.0-beta1] AndroidManifest.xml:11:13-65
103
104        <provider
104-->[com.google.mlkit:common:18.5.0] AndroidManifest.xml:9:9-13:38
105            android:name="com.google.mlkit.common.internal.MlKitInitProvider"
105-->[com.google.mlkit:common:18.5.0] AndroidManifest.xml:10:13-78
106            android:authorities="com.aisportspt.app.mlkitinitprovider"
106-->[com.google.mlkit:common:18.5.0] AndroidManifest.xml:11:13-69
107            android:exported="false"
107-->[com.google.mlkit:common:18.5.0] AndroidManifest.xml:12:13-37
108            android:initOrder="99" />
108-->[com.google.mlkit:common:18.5.0] AndroidManifest.xml:13:13-35
109
110        <activity
110-->[com.google.android.gms:play-services-base:18.1.0] AndroidManifest.xml:20:9-22:45
111            android:name="com.google.android.gms.common.api.GoogleApiActivity"
111-->[com.google.android.gms:play-services-base:18.1.0] AndroidManifest.xml:20:19-85
112            android:exported="false"
112-->[com.google.android.gms:play-services-base:18.1.0] AndroidManifest.xml:22:19-43
113            android:theme="@android:style/Theme.Translucent.NoTitleBar" />
113-->[com.google.android.gms:play-services-base:18.1.0] AndroidManifest.xml:21:19-78
114
115        <meta-data
115-->[com.google.android.gms:play-services-basement:18.1.0] AndroidManifest.xml:21:9-23:69
116            android:name="com.google.android.gms.version"
116-->[com.google.android.gms:play-services-basement:18.1.0] AndroidManifest.xml:22:13-58
117            android:value="@integer/google_play_services_version" />
117-->[com.google.android.gms:play-services-basement:18.1.0] AndroidManifest.xml:23:13-66
118
119        <provider
119-->[androidx.emoji2:emoji2:1.2.0] AndroidManifest.xml:24:9-32:20
120            android:name="androidx.startup.InitializationProvider"
120-->[androidx.emoji2:emoji2:1.2.0] AndroidManifest.xml:25:13-67
121            android:authorities="com.aisportspt.app.androidx-startup"
121-->[androidx.emoji2:emoji2:1.2.0] AndroidManifest.xml:26:13-68
122            android:exported="false" >
122-->[androidx.emoji2:emoji2:1.2.0] AndroidManifest.xml:27:13-37
123            <meta-data
123-->[androidx.emoji2:emoji2:1.2.0] AndroidManifest.xml:29:13-31:52
124                android:name="androidx.emoji2.text.EmojiCompatInitializer"
124-->[androidx.emoji2:emoji2:1.2.0] AndroidManifest.xml:30:17-75
125                android:value="androidx.startup" />
125-->[androidx.emoji2:emoji2:1.2.0] AndroidManifest.xml:31:17-49
126            <meta-data
126-->[androidx.work:work-runtime:2.7.0] AndroidManifest.xml:36:13-38:52
127                android:name="androidx.work.WorkManagerInitializer"
127-->[androidx.work:work-runtime:2.7.0] AndroidManifest.xml:37:17-68
128                android:value="androidx.startup" />
128-->[androidx.work:work-runtime:2.7.0] AndroidManifest.xml:38:17-49
129            <meta-data
129-->[androidx.lifecycle:lifecycle-process:2.7.0] AndroidManifest.xml:29:13-31:52
130                android:name="androidx.lifecycle.ProcessLifecycleInitializer"
130-->[androidx.lifecycle:lifecycle-process:2.7.0] AndroidManifest.xml:30:17-78
131                android:value="androidx.startup" />
131-->[androidx.lifecycle:lifecycle-process:2.7.0] AndroidManifest.xml:31:17-49
132            <meta-data
132-->[androidx.profileinstaller:profileinstaller:1.3.0] AndroidManifest.xml:29:13-31:52
133                android:name="androidx.profileinstaller.ProfileInstallerInitializer"
133-->[androidx.profileinstaller:profileinstaller:1.3.0] AndroidManifest.xml:30:17-85
134                android:value="androidx.startup" />
134-->[androidx.profileinstaller:profileinstaller:1.3.0] AndroidManifest.xml:31:17-49
135        </provider>
136
137        <service
137-->[androidx.work:work-multiprocess:2.7.0] AndroidManifest.xml:25:9-27:40
138            android:name="androidx.work.multiprocess.RemoteWorkManagerService"
138-->[androidx.work:work-multiprocess:2.7.0] AndroidManifest.xml:26:13-79
139            android:exported="false" />
139-->[androidx.work:work-multiprocess:2.7.0] AndroidManifest.xml:27:13-37
140        <service
140-->[androidx.work:work-runtime:2.7.0] AndroidManifest.xml:41:9-46:35
141            android:name="androidx.work.impl.background.systemalarm.SystemAlarmService"
141-->[androidx.work:work-runtime:2.7.0] AndroidManifest.xml:42:13-88
142            android:directBootAware="false"
142-->[androidx.work:work-runtime:2.7.0] AndroidManifest.xml:43:13-44
143            android:enabled="@bool/enable_system_alarm_service_default"
143-->[androidx.work:work-runtime:2.7.0] AndroidManifest.xml:44:13-72
144            android:exported="false" />
144-->[androidx.work:work-runtime:2.7.0] AndroidManifest.xml:45:13-37
145        <service
145-->[androidx.work:work-runtime:2.7.0] AndroidManifest.xml:47:9-53:35
146            android:name="androidx.work.impl.background.systemjob.SystemJobService"
146-->[androidx.work:work-runtime:2.7.0] AndroidManifest.xml:48:13-84
147            android:directBootAware="false"
147-->[androidx.work:work-runtime:2.7.0] AndroidManifest.xml:49:13-44
148            android:enabled="@bool/enable_system_job_service_default"
148-->[androidx.work:work-runtime:2.7.0] AndroidManifest.xml:50:13-70
149            android:exported="true"
149-->[androidx.work:work-runtime:2.7.0] AndroidManifest.xml:51:13-36
150            android:permission="android.permission.BIND_JOB_SERVICE" />
150-->[androidx.work:work-runtime:2.7.0] AndroidManifest.xml:52:13-69
151        <service
151-->[androidx.work:work-runtime:2.7.0] AndroidManifest.xml:54:9-59:35
152            android:name="androidx.work.impl.foreground.SystemForegroundService"
152-->[androidx.work:work-runtime:2.7.0] AndroidManifest.xml:55:13-81
153            android:directBootAware="false"
153-->[androidx.work:work-runtime:2.7.0] AndroidManifest.xml:56:13-44
154            android:enabled="@bool/enable_system_foreground_service_default"
154-->[androidx.work:work-runtime:2.7.0] AndroidManifest.xml:57:13-77
155            android:exported="false" />
155-->[androidx.work:work-runtime:2.7.0] AndroidManifest.xml:58:13-37
156
157        <receiver
157-->[androidx.work:work-runtime:2.7.0] AndroidManifest.xml:61:9-66:35
158            android:name="androidx.work.impl.utils.ForceStopRunnable$BroadcastReceiver"
158-->[androidx.work:work-runtime:2.7.0] AndroidManifest.xml:62:13-88
159            android:directBootAware="false"
159-->[androidx.work:work-runtime:2.7.0] AndroidManifest.xml:63:13-44
160            android:enabled="true"
160-->[androidx.work:work-runtime:2.7.0] AndroidManifest.xml:64:13-35
161            android:exported="false" />
161-->[androidx.work:work-runtime:2.7.0] AndroidManifest.xml:65:13-37
162        <receiver
162-->[androidx.work:work-runtime:2.7.0] AndroidManifest.xml:67:9-77:20
163            android:name="androidx.work.impl.background.systemalarm.ConstraintProxy$BatteryChargingProxy"
163-->[androidx.work:work-runtime:2.7.0] AndroidManifest.xml:68:13-106
164            android:directBootAware="false"
164-->[androidx.work:work-runtime:2.7.0] AndroidManifest.xml:69:13-44
165            android:enabled="false"
165-->[androidx.work:work-runtime:2.7.0] AndroidManifest.xml:70:13-36
166            android:exported="false" >
166-->[androidx.work:work-runtime:2.7.0] AndroidManifest.xml:71:13-37
167            <intent-filter>
167-->[androidx.work:work-runtime:2.7.0] AndroidManifest.xml:73:13-76:29
168                <action android:name="android.intent.action.ACTION_POWER_CONNECTED" />
168-->[androidx.work:work-runtime:2.7.0] AndroidManifest.xml:74:17-87
168-->[androidx.work:work-runtime:2.7.0] AndroidManifest.xml:74:25-84
169                <action android:name="android.intent.action.ACTION_POWER_DISCONNECTED" />
169-->[androidx.work:work-runtime:2.7.0] AndroidManifest.xml:75:17-90
169-->[androidx.work:work-runtime:2.7.0] AndroidManifest.xml:75:25-87
170            </intent-filter>
171        </receiver>
172        <receiver
172-->[androidx.work:work-runtime:2.7.0] AndroidManifest.xml:78:9-88:20
173            android:name="androidx.work.impl.background.systemalarm.ConstraintProxy$BatteryNotLowProxy"
173-->[androidx.work:work-runtime:2.7.0] AndroidManifest.xml:79:13-104
174            android:directBootAware="false"
174-->[androidx.work:work-runtime:2.7.0] AndroidManifest.xml:80:13-44
175            android:enabled="false"
175-->[androidx.work:work-runtime:2.7.0] AndroidManifest.xml:81:13-36
176            android:exported="false" >
176-->[androidx.work:work-runtime:2.7.0] AndroidManifest.xml:82:13-37
177            <intent-filter>
177-->[androidx.work:work-runtime:2.7.0] AndroidManifest.xml:84:13-87:29
178                <action android:name="android.intent.action.BATTERY_OKAY" />
178-->[androidx.work:work-runtime:2.7.0] AndroidManifest.xml:85:17-77
178-->[androidx.work:work-runtime:2.7.0] AndroidManifest.xml:85:25-74
179                <action android:name="android.intent.action.BATTERY_LOW" />
179-->[androidx.work:work-runtime:2.7.0] AndroidManifest.xml:86:17-76
179-->[androidx.work:work-runtime:2.7.0] AndroidManifest.xml:86:25-73
180            </intent-filter>
181        </receiver>
182        <receiver
182-->[androidx.work:work-runtime:2.7.0] AndroidManifest.xml:89:9-99:20
183            android:name="androidx.work.impl.background.systemalarm.ConstraintProxy$StorageNotLowProxy"
183-->[androidx.work:work-runtime:2.7.0] AndroidManifest.xml:90:13-104
184            android:directBootAware="false"
184-->[androidx.work:work-runtime:2.7.0] AndroidManifest.xml:91:13-44
185            android:enabled="false"
185-->[androidx.work:work-runtime:2.7.0] AndroidManifest.xml:92:13-36
186            android:exported="false" >
186-->[androidx.work:work-runtime:2.7.0] AndroidManifest.xml:93:13-37
187            <intent-filter>
187-->[androidx.work:work-runtime:2.7.0] AndroidManifest.xml:95:13-98:29
188                <action android:name="android.intent.action.DEVICE_STORAGE_LOW" />
188-->[androidx.work:work-runtime:2.7.0] AndroidManifest.xml:96:17-83
188-->[androidx.work:work-runtime:2.7.0] AndroidManifest.xml:96:25-80
189                <action android:name="android.intent.action.DEVICE_STORAGE_OK" />
189-->[androidx.work:work-runtime:2.7.0] AndroidManifest.xml:97:17-82
189-->[androidx.work:work-runtime:2.7.0] AndroidManifest.xml:97:25-79
190            </intent-filter>
191        </receiver>
192        <receiver
192-->[androidx.work:work-runtime:2.7.0] AndroidManifest.xml:100:9-109:20
193            android:name="androidx.work.impl.background.systemalarm.ConstraintProxy$NetworkStateProxy"
193-->[androidx.work:work-runtime:2.7.0] AndroidManifest.xml:101:13-103
194            android:directBootAware="false"
194-->[androidx.work:work-runtime:2.7.0] AndroidManifest.xml:102:13-44
195            android:enabled="false"
195-->[androidx.work:work-runtime:2.7.0] AndroidManifest.xml:103:13-36
196            android:exported="false" >
196-->[androidx.work:work-runtime:2.7.0] AndroidManifest.xml:104:13-37
197            <intent-filter>
197-->[androidx.work:work-runtime:2.7.0] AndroidManifest.xml:106:13-108:29
198                <action android:name="android.net.conn.CONNECTIVITY_CHANGE" />
198-->[androidx.work:work-runtime:2.7.0] AndroidManifest.xml:107:17-79
198-->[androidx.work:work-runtime:2.7.0] AndroidManifest.xml:107:25-76
199            </intent-filter>
200        </receiver>
201        <receiver
201-->[androidx.work:work-runtime:2.7.0] AndroidManifest.xml:110:9-121:20
202            android:name="androidx.work.impl.background.systemalarm.RescheduleReceiver"
202-->[androidx.work:work-runtime:2.7.0] AndroidManifest.xml:111:13-88
203            android:directBootAware="false"
203-->[androidx.work:work-runtime:2.7.0] AndroidManifest.xml:112:13-44
204            android:enabled="false"
204-->[androidx.work:work-runtime:2.7.0] AndroidManifest.xml:113:13-36
205            android:exported="false" >
205-->[androidx.work:work-runtime:2.7.0] AndroidManifest.xml:114:13-37
206            <intent-filter>
206-->[androidx.work:work-runtime:2.7.0] AndroidManifest.xml:116:13-120:29
207                <action android:name="android.intent.action.BOOT_COMPLETED" />
207-->[androidx.work:work-runtime:2.7.0] AndroidManifest.xml:117:17-79
207-->[androidx.work:work-runtime:2.7.0] AndroidManifest.xml:117:25-76
208                <action android:name="android.intent.action.TIME_SET" />
208-->[androidx.work:work-runtime:2.7.0] AndroidManifest.xml:118:17-73
208-->[androidx.work:work-runtime:2.7.0] AndroidManifest.xml:118:25-70
209                <action android:name="android.intent.action.TIMEZONE_CHANGED" />
209-->[androidx.work:work-runtime:2.7.0] AndroidManifest.xml:119:17-81
209-->[androidx.work:work-runtime:2.7.0] AndroidManifest.xml:119:25-78
210            </intent-filter>
211        </receiver>
212        <receiver
212-->[androidx.work:work-runtime:2.7.0] AndroidManifest.xml:122:9-131:20
213            android:name="androidx.work.impl.background.systemalarm.ConstraintProxyUpdateReceiver"
213-->[androidx.work:work-runtime:2.7.0] AndroidManifest.xml:123:13-99
214            android:directBootAware="false"
214-->[androidx.work:work-runtime:2.7.0] AndroidManifest.xml:124:13-44
215            android:enabled="@bool/enable_system_alarm_service_default"
215-->[androidx.work:work-runtime:2.7.0] AndroidManifest.xml:125:13-72
216            android:exported="false" >
216-->[androidx.work:work-runtime:2.7.0] AndroidManifest.xml:126:13-37
217            <intent-filter>
217-->[androidx.work:work-runtime:2.7.0] AndroidManifest.xml:128:13-130:29
218                <action android:name="androidx.work.impl.background.systemalarm.UpdateProxies" />
218-->[androidx.work:work-runtime:2.7.0] AndroidManifest.xml:129:17-98
218-->[androidx.work:work-runtime:2.7.0] AndroidManifest.xml:129:25-95
219            </intent-filter>
220        </receiver>
221        <receiver
221-->[androidx.work:work-runtime:2.7.0] AndroidManifest.xml:132:9-142:20
222            android:name="androidx.work.impl.diagnostics.DiagnosticsReceiver"
222-->[androidx.work:work-runtime:2.7.0] AndroidManifest.xml:133:13-78
223            android:directBootAware="false"
223-->[androidx.work:work-runtime:2.7.0] AndroidManifest.xml:134:13-44
224            android:enabled="true"
224-->[androidx.work:work-runtime:2.7.0] AndroidManifest.xml:135:13-35
225            android:exported="true"
225-->[androidx.work:work-runtime:2.7.0] AndroidManifest.xml:136:13-36
226            android:permission="android.permission.DUMP" >
226-->[androidx.work:work-runtime:2.7.0] AndroidManifest.xml:137:13-57
227            <intent-filter>
227-->[androidx.work:work-runtime:2.7.0] AndroidManifest.xml:139:13-141:29
228                <action android:name="androidx.work.diagnostics.REQUEST_DIAGNOSTICS" />
228-->[androidx.work:work-runtime:2.7.0] AndroidManifest.xml:140:17-88
228-->[androidx.work:work-runtime:2.7.0] AndroidManifest.xml:140:25-85
229            </intent-filter>
230        </receiver>
231
232        <uses-library
232-->[androidx.window:window:1.0.0] AndroidManifest.xml:25:9-27:40
233            android:name="androidx.window.extensions"
233-->[androidx.window:window:1.0.0] AndroidManifest.xml:26:13-54
234            android:required="false" />
234-->[androidx.window:window:1.0.0] AndroidManifest.xml:27:13-37
235        <uses-library
235-->[androidx.window:window:1.0.0] AndroidManifest.xml:28:9-30:40
236            android:name="androidx.window.sidecar"
236-->[androidx.window:window:1.0.0] AndroidManifest.xml:29:13-51
237            android:required="false" />
237-->[androidx.window:window:1.0.0] AndroidManifest.xml:30:13-37
238
239        <receiver
239-->[androidx.profileinstaller:profileinstaller:1.3.0] AndroidManifest.xml:34:9-52:20
240            android:name="androidx.profileinstaller.ProfileInstallReceiver"
240-->[androidx.profileinstaller:profileinstaller:1.3.0] AndroidManifest.xml:35:13-76
241            android:directBootAware="false"
241-->[androidx.profileinstaller:profileinstaller:1.3.0] AndroidManifest.xml:36:13-44
242            android:enabled="true"
242-->[androidx.profileinstaller:profileinstaller:1.3.0] AndroidManifest.xml:37:13-35
243            android:exported="true"
243-->[androidx.profileinstaller:profileinstaller:1.3.0] AndroidManifest.xml:38:13-36
244            android:permission="android.permission.DUMP" >
244-->[androidx.profileinstaller:profileinstaller:1.3.0] AndroidManifest.xml:39:13-57
245            <intent-filter>
245-->[androidx.profileinstaller:profileinstaller:1.3.0] AndroidManifest.xml:40:13-42:29
246                <action android:name="androidx.profileinstaller.action.INSTALL_PROFILE" />
246-->[androidx.profileinstaller:profileinstaller:1.3.0] AndroidManifest.xml:41:17-91
246-->[androidx.profileinstaller:profileinstaller:1.3.0] AndroidManifest.xml:41:25-88
247            </intent-filter>
248            <intent-filter>
248-->[androidx.profileinstaller:profileinstaller:1.3.0] AndroidManifest.xml:43:13-45:29
249                <action android:name="androidx.profileinstaller.action.SKIP_FILE" />
249-->[androidx.profileinstaller:profileinstaller:1.3.0] AndroidManifest.xml:44:17-85
249-->[androidx.profileinstaller:profileinstaller:1.3.0] AndroidManifest.xml:44:25-82
250            </intent-filter>
251            <intent-filter>
251-->[androidx.profileinstaller:profileinstaller:1.3.0] AndroidManifest.xml:46:13-48:29
252                <action android:name="androidx.profileinstaller.action.SAVE_PROFILE" />
252-->[androidx.profileinstaller:profileinstaller:1.3.0] AndroidManifest.xml:47:17-88
252-->[androidx.profileinstaller:profileinstaller:1.3.0] AndroidManifest.xml:47:25-85
253            </intent-filter>
254            <intent-filter>
254-->[androidx.profileinstaller:profileinstaller:1.3.0] AndroidManifest.xml:49:13-51:29
255                <action android:name="androidx.profileinstaller.action.BENCHMARK_OPERATION" />
255-->[androidx.profileinstaller:profileinstaller:1.3.0] AndroidManifest.xml:50:17-95
255-->[androidx.profileinstaller:profileinstaller:1.3.0] AndroidManifest.xml:50:25-92
256            </intent-filter>
257        </receiver>
258
259        <service
259-->[androidx.room:room-runtime:2.2.5] AndroidManifest.xml:25:9-28:40
260            android:name="androidx.room.MultiInstanceInvalidationService"
260-->[androidx.room:room-runtime:2.2.5] AndroidManifest.xml:26:13-74
261            android:directBootAware="true"
261-->[androidx.room:room-runtime:2.2.5] AndroidManifest.xml:27:13-43
262            android:exported="false" />
262-->[androidx.room:room-runtime:2.2.5] AndroidManifest.xml:28:13-37
263        <service
263-->[com.google.android.datatransport:transport-backend-cct:3.1.0] AndroidManifest.xml:29:9-35:19
264            android:name="com.google.android.datatransport.runtime.backends.TransportBackendDiscovery"
264-->[com.google.android.datatransport:transport-backend-cct:3.1.0] AndroidManifest.xml:30:13-103
265            android:exported="false" >
265-->[com.google.android.datatransport:transport-backend-cct:3.1.0] AndroidManifest.xml:31:13-37
266            <meta-data
266-->[com.google.android.datatransport:transport-backend-cct:3.1.0] AndroidManifest.xml:32:13-34:39
267                android:name="backend:com.google.android.datatransport.cct.CctBackendFactory"
267-->[com.google.android.datatransport:transport-backend-cct:3.1.0] AndroidManifest.xml:33:17-94
268                android:value="cct" />
268-->[com.google.android.datatransport:transport-backend-cct:3.1.0] AndroidManifest.xml:34:17-36
269        </service>
270        <service
270-->[com.google.android.datatransport:transport-runtime:3.1.0] AndroidManifest.xml:26:9-30:19
271            android:name="com.google.android.datatransport.runtime.scheduling.jobscheduling.JobInfoSchedulerService"
271-->[com.google.android.datatransport:transport-runtime:3.1.0] AndroidManifest.xml:27:13-117
272            android:exported="false"
272-->[com.google.android.datatransport:transport-runtime:3.1.0] AndroidManifest.xml:28:13-37
273            android:permission="android.permission.BIND_JOB_SERVICE" >
273-->[com.google.android.datatransport:transport-runtime:3.1.0] AndroidManifest.xml:29:13-69
274        </service>
275
276        <receiver